<!doctype html><html lang=en>
<head>
<meta charset=utf-8>
<meta name=viewport content="width=device-width,initial-scale=1">
<meta http-equiv=content-language content="en">
<meta name=color-scheme content="light dark">
<meta name=author content="Ivan Sopov">
<meta name=description content="UPDATE(2021-11-08): Described here has changed in Postgres 12 (more recent versions have even better documentation on this).
Major part of my career to the moment passed working with databases and mostly with Oracle and Postgres. Several years ago I was really surprised by the difference in handling CTE (common table expressions) in these databases. From that time I spread this knowledge and recreated a sample for it several times. The last one was this week and I decided to store it somewhere - this mostly dead blog seems like a good place ;-) So here is a really simple case of using CTE on Oracle.">
<meta name=keywords content="blog,developer,personal">
<meta name=twitter:card content="summary">
<meta name=twitter:title content="CTE Oracle vs Postgres">
<meta name=twitter:description content="UPDATE(2021-11-08): Described here has changed in Postgres 12 (more recent versions have even better documentation on this).
Major part of my career to the moment passed working with databases and mostly with Oracle and Postgres. Several years ago I was really surprised by the difference in handling CTE (common table expressions) in these databases. From that time I spread this knowledge and recreated a sample for it several times. The last one was this week and I decided to store it somewhere - this mostly dead blog seems like a good place ;-) So here is a really simple case of using CTE on Oracle.">
<meta property="og:title" content="CTE Oracle vs Postgres">
<meta property="og:description" content="UPDATE(2021-11-08): Described here has changed in Postgres 12 (more recent versions have even better documentation on this).
Major part of my career to the moment passed working with databases and mostly with Oracle and Postgres. Several years ago I was really surprised by the difference in handling CTE (common table expressions) in these databases. From that time I spread this knowledge and recreated a sample for it several times. The last one was this week and I decided to store it somewhere - this mostly dead blog seems like a good place ;-) So here is a really simple case of using CTE on Oracle.">
<meta property="og:type" content="article">
<meta property="og:url" content="https://isopov.github.io/posts/cte-oracle-vs-postgres/"><meta property="article:section" content="posts">
<meta property="article:published_time" content="2018-09-15T15:37:17+03:00">
<meta property="article:modified_time" content="2018-09-15T15:37:17+03:00">
<title>
CTE Oracle vs Postgres · isopov
</title><link rel=canonical href=https://isopov.github.io/posts/cte-oracle-vs-postgres/>
<link rel=preload href="/fonts/forkawesome-webfont.woff2?v=1.2.0" as=font type=font/woff2 crossorigin>
<link rel=stylesheet href=/css/coder.min.d9fddbffe6f27e69985dc5fe0471cdb0e57fbf4775714bc3d847accb08f4a1f6.css integrity="sha256-2f3b/+byfmmYXcX+BHHNsOV/v0d1cUvD2Eesywj0ofY=" crossorigin=anonymous media=screen>
<link rel=stylesheet href=/css/coder-dark.min.002ee2378e14c7a68f1f0a53d9694ed252090987c4e768023fac694a4fc5f793.css integrity="sha256-AC7iN44Ux6aPHwpT2WlO0lIJCYfE52gCP6xpSk/F95M=" crossorigin=anonymous media=screen>
<link rel=icon type=image/png href=/images/favicon-32x32.png sizes=32x32>
<link rel=icon type=image/png href=/images/favicon-16x16.png sizes=16x16>
<link rel=apple-touch-icon href=/images/apple-touch-icon.png>
<link rel=apple-touch-icon sizes=180x180 href=/images/apple-touch-icon.png>
<meta name=generator content="Hugo 0.93.0">
</head><body class="preload-transitions colorscheme-auto">
<div class=float-container>
<a id=dark-mode-toggle class=colorscheme-toggle>
<i class="fa fa-adjust fa-fw" aria-hidden=true></i>
</a>
</div><main class=wrapper>
<nav class=navigation>
<section class=container>
<a class=navigation-title href=/>
isopov
</a>
<input type=checkbox id=menu-toggle>
<label class="menu-button float-right" for=menu-toggle>
<i class="fa fa-bars fa-fw" aria-hidden=true></i>
</label>
<ul class=navigation-list>
<li class=navigation-item>
<a class=navigation-link href=/about/>About</a>
</li><li class=navigation-item>
<a class=navigation-link href=/posts/>Blog</a>
</li></ul></section></nav><div class=content>
<section class="container post">
<article>
<header>
<div class=post-title>
<h1 class=title>
<a class=title-link href=https://isopov.github.io/posts/cte-oracle-vs-postgres/>
CTE Oracle vs Postgres
</a>
</h1></div><div class=post-meta>
<div class=date>
<span class=posted-on>
<i class="fa fa-calendar" aria-hidden=true></i>
<time datetime=2018-09-15T15:37:17+03:00>
September 15, 2018
</time>
</span>
<span class=reading-time>
<i class="fa fa-clock-o" aria-hidden=true></i>
3-minute read
</span>
</div><div class=tags>
<i class="fa fa-tag" aria-hidden=true></i>
<span class=tag>
<a href=/tags/sql/>SQL</a>
</span>
<span class=separator>•</span>
<span class=tag>
<a href=/tags/oracle/>Oracle</a>
</span>
<span class=separator>•</span>
<span class=tag>
<a href=/tags/postgres/>Postgres</a>
</span></div></div></header><div>
<p>UPDATE(2021-11-08): Described here has changed in <a href=https://www.postgresql.org/docs/12/queries-with.html>Postgres 12</a> (more recent versions have even better documentation on this).</p><p>Major part of my career to the moment passed working with databases and mostly with Oracle and Postgres. Several years ago I was really surprised by the difference in handling CTE (common table expressions) in these databases. From that time I spread this knowledge and recreated a sample for it several times. The last one was this week and I decided to store it somewhere - this mostly dead blog seems like a good place ;-)
So here is a really simple case of using CTE on Oracle.</p><div class=highlight><pre tabindex=0 style=color:#e5e5e5;background-color:#000;-moz-tab-size:4;-o-tab-size:4;tab-size:4><code class=language-fallback data-lang=fallback><span style=display:flex><span>create table test_table(
</span></span><span style=display:flex><span>  id int primary key,
</span></span><span style=display:flex><span>  foo varchar2(10)
</span></span><span style=display:flex><span>);
</span></span><span style=display:flex><span>
</span></span><span style=display:flex><span>insert into test_table(id, foo)
</span></span><span style=display:flex><span>select rownum, &#39;val&#39;||rownum from dual
</span></span><span style=display:flex><span>   connect by rownum&lt;=100000;
</span></span><span style=display:flex><span>   
</span></span><span style=display:flex><span>explain plan for select * from (select * from test_table) sel where id=42;
</span></span><span style=display:flex><span>select * from table(dbms_xplan.display);
</span></span><span style=display:flex><span>--|   0 | SELECT STATEMENT            |               |     1 |    20 |     1   (0)| 00:00:01 |
</span></span><span style=display:flex><span>--|   1 |  TABLE ACCESS BY INDEX ROWID| TEST_TABLE    |     1 |    20 |     1   (0)| 00:00:01 |
</span></span><span style=display:flex><span>--|*  2 |   INDEX UNIQUE SCAN         | SYS_C00328137 |     1 |       |     1   (0)| 00:00:01 |
</span></span><span style=display:flex><span>
</span></span><span style=display:flex><span>explain plan for with sel as (select * from test_table) select * from sel where id=42;
</span></span><span style=display:flex><span>select * from table(dbms_xplan.display);
</span></span><span style=display:flex><span>--|   0 | SELECT STATEMENT            |               |     1 |    20 |     1   (0)| 00:00:01 |
</span></span><span style=display:flex><span>--|   1 |  TABLE ACCESS BY INDEX ROWID| TEST_TABLE    |     1 |    20 |     1   (0)| 00:00:01 |
</span></span><span style=display:flex><span>--|*  2 |   INDEX UNIQUE SCAN         | SYS_C00328137 |     1 |       |     1   (0)| 00:00:01 |
</span></span></code></pre></div><p>You can see that from the resulting execution plan there is no difference between CTE and sub-select.
But here is similar sample on Postgres:</p><div class=highlight><pre tabindex=0 style=color:#e5e5e5;background-color:#000;-moz-tab-size:4;-o-tab-size:4;tab-size:4><code class=language-fallback data-lang=fallback><span style=display:flex><span>create table test_table(
</span></span><span style=display:flex><span>  id serial primary key,
</span></span><span style=display:flex><span>  foo text
</span></span><span style=display:flex><span>);
</span></span><span style=display:flex><span>
</span></span><span style=display:flex><span>insert into test_table(foo)
</span></span><span style=display:flex><span>select &#39;val&#39;||generate_series from generate_series(1, 100000);
</span></span><span style=display:flex><span>
</span></span><span style=display:flex><span>explain analyze select * from (select * from test_table) as sel where id=42;
</span></span><span style=display:flex><span>-- Index Scan using test_table_pkey on test_table  (cost=0.29..8.31 rows=1 width=12) (actual time=0.037..0.038 rows=1 loops=1)
</span></span><span style=display:flex><span>-- Index Cond: (id = 42)
</span></span><span style=display:flex><span>-- Planning time: 0.053 ms
</span></span><span style=display:flex><span>-- Execution time: 0.048 ms
</span></span><span style=display:flex><span>
</span></span><span style=display:flex><span>
</span></span><span style=display:flex><span>explain analyze with sel as (select * from test_table) select * from sel where id=42;
</span></span><span style=display:flex><span>-- CTE Scan on sel  (cost=1541.00..3791.00 rows=500 width=36) (actual time=0.025..32.644 rows=1 loops=1)
</span></span><span style=display:flex><span>-- Filter: (id = 42)
</span></span><span style=display:flex><span>-- Rows Removed by Filter: 99999
</span></span><span style=display:flex><span>-- CTE sel
</span></span><span style=display:flex><span>-- -&gt;  Seq Scan on test_table  (cost=0.00..1541.00 rows=100000 width=12) (actual time=0.016..5.859 rows=100000 loops=1)
</span></span><span style=display:flex><span>-- Planning time: 0.069 ms
</span></span><span style=display:flex><span>-- Execution time: 35.305 ms
</span></span></code></pre></div><p>Difference is dramatic. <a href=https://www.postgresql.org/message-id/24672.1319561025%40sss.pgh.pa.us>Quoting Tom Lane</a> (real Postgres expert) &ldquo;CTEs act as optimization fences. This is a feature, not a bug. Use them when you want to isolate the evaluation of a subquery.&rdquo; But a case when CTE should be used in Postgres is a theme for another post (maybe, so you here in another 4 or 5 years :-))</p></div><footer>
</footer></article></section></div><footer class=footer>
<section class=container>
©
2020 -
2022
Ivan Sopov
·
Powered by <a href=https://gohugo.io/>Hugo</a> & <a href=https://github.com/luizdepra/hugo-coder/>Coder</a>.
</section></footer></main><script src=/js/coder.min.8fb86376a16e684af472a329aef502dbebcfab65ce264e9750d144912947c602.js integrity="sha256-j7hjdqFuaEr0cqMprvUC2+vPq2XOJk6XUNFEkSlHxgI="></script>
</body></html>